This file contains any messages produced by compilers while
running configure, to aid debugging if configure makes a mistake.

It was created by configure, which was
generated by GNU Autoconf 2.69.  Invocation command line was

  $ ./configure --with-gd=/usr --with-jpeg-dir=/usr --with-png-dir=/usr --with-vpx-dir=/usr --with-zlib-dir=/usr --with-freetype-dir=/usr

## --------- ##
## Platform. ##
## --------- ##

hostname = howl
uname -m = x86_64
uname -r = 3.2.0-4-amd64
uname -s = Linux
uname -v = #1 SMP Debian 3.2.35-2

/usr/bin/uname -p = unknown
/bin/uname -X     = unknown

/bin/arch              = unknown
/usr/bin/arch -k       = unknown
/usr/convex/getsysinfo = unknown
/usr/bin/hostinfo      = unknown
/bin/machine           = unknown
/usr/bin/oslevel       = unknown
/bin/universe          = unknown

PATH: /usr/lib/ccache
PATH: /home/ondrej/bin
PATH: /usr/local/sbin
PATH: /usr/local/bin
PATH: /usr/sbin
PATH: /usr/bin
PATH: /sbin
PATH: /bin
PATH: /usr/games


## ----------- ##
## Core tests. ##
## ----------- ##

configure:2096: checking for grep that handles long lines and -e
configure:2154: result: /bin/grep
configure:2159: checking for egrep
configure:2221: result: /bin/grep -E
configure:2226: checking for a sed that does not truncate output
configure:2290: result: /bin/sed
configure:2424: checking for cc
configure:2440: found /usr/lib/ccache/cc
configure:2451: result: cc
configure:2482: checking for C compiler version
configure:2491: cc --version >&5
gcc-4.7.real (Debian 4.7.2-5) 4.7.2
Copyright (C) 2012 Free Software Foundation, Inc.
This is free software; see the source for copying conditions.  There is NO
warranty; not even for MERCHANTABILITY or FITNESS FOR A PARTICULAR PURPOSE.

configure:2502: $? = 0
configure:2491: cc -v >&5
Using built-in specs.
COLLECT_GCC=/usr/bin/gcc-4.7.real
COLLECT_LTO_WRAPPER=/usr/lib/gcc/x86_64-linux-gnu/4.7/lto-wrapper
Target: x86_64-linux-gnu
Configured with: ../src/configure -v --with-pkgversion='Debian 4.7.2-5' --with-bugurl=file:///usr/share/doc/gcc-4.7/README.Bugs --enable-languages=c,c++,go,fortran,objc,obj-c++ --prefix=/usr --program-suffix=-4.7 --enable-shared --enable-linker-build-id --with-system-zlib --libexecdir=/usr/lib --without-included-gettext --enable-threads=posix --with-gxx-include-dir=/usr/include/c++/4.7 --libdir=/usr/lib --enable-nls --with-sysroot=/ --enable-clocale=gnu --enable-libstdcxx-debug --enable-libstdcxx-time=yes --enable-gnu-unique-object --enable-plugin --enable-objc-gc --with-arch-32=i586 --with-tune=generic --enable-checking=release --build=x86_64-linux-gnu --host=x86_64-linux-gnu --target=x86_64-linux-gnu
Thread model: posix
gcc version 4.7.2 (Debian 4.7.2-5) 
configure:2502: $? = 0
configure:2491: cc -V >&5
gcc-4.7.real: error: unrecognized command line option '-V'
gcc-4.7.real: fatal error: no input files
compilation terminated.
configure:2502: $? = 4
configure:2491: cc -qversion >&5
gcc-4.7.real: error: unrecognized command line option '-qversion'
gcc-4.7.real: fatal error: no input files
compilation terminated.
configure:2502: $? = 4
configure:2522: checking whether the C compiler works
configure:2544: cc    conftest.c  >&5
configure:2548: $? = 0
configure:2596: result: yes
configure:2599: checking for C compiler default output file name
configure:2601: result: a.out
configure:2607: checking for suffix of executables
configure:2614: cc -o conftest    conftest.c  >&5
configure:2618: $? = 0
configure:2640: result: 
configure:2662: checking whether we are cross compiling
configure:2670: cc -o conftest    conftest.c  >&5
configure:2674: $? = 0
configure:2681: ./conftest
configure:2685: $? = 0
configure:2700: result: no
configure:2705: checking for suffix of object files
configure:2727: cc -c   conftest.c >&5
configure:2731: $? = 0
configure:2752: result: o
configure:2756: checking whether we are using the GNU C compiler
configure:2775: cc -c   conftest.c >&5
configure:2775: $? = 0
configure:2784: result: yes
configure:2793: checking whether cc accepts -g
configure:2813: cc -c -g  conftest.c >&5
configure:2813: $? = 0
configure:2854: result: yes
configure:2871: checking for cc option to accept ISO C89
configure:2934: cc  -c -g -O2  conftest.c >&5
configure:2934: $? = 0
configure:2947: result: none needed
configure:2973: checking how to run the C preprocessor
configure:3004: cc -E  conftest.c
configure:3004: $? = 0
configure:3018: cc -E  conftest.c
conftest.c:9:28: fatal error: ac_nonexistent.h: No such file or directory
compilation terminated.
configure:3018: $? = 1
configure: failed program was:
| /* confdefs.h */
| #define PACKAGE_NAME ""
| #define PACKAGE_TARNAME ""
| #define PACKAGE_VERSION ""
| #define PACKAGE_STRING ""
| #define PACKAGE_BUGREPORT ""
| #define PACKAGE_URL ""
| /* end confdefs.h.  */
| #include <ac_nonexistent.h>
configure:3043: result: cc -E
configure:3063: cc -E  conftest.c
configure:3063: $? = 0
configure:3077: cc -E  conftest.c
conftest.c:9:28: fatal error: ac_nonexistent.h: No such file or directory
compilation terminated.
configure:3077: $? = 1
configure: failed program was:
| /* confdefs.h */
| #define PACKAGE_NAME ""
| #define PACKAGE_TARNAME ""
| #define PACKAGE_VERSION ""
| #define PACKAGE_STRING ""
| #define PACKAGE_BUGREPORT ""
| #define PACKAGE_URL ""
| /* end confdefs.h.  */
| #include <ac_nonexistent.h>
configure:3108: checking for icc
configure:3117: result: no
configure:3131: checking for suncc
configure:3140: result: no
configure:3158: checking whether cc understands -c and -o together
configure:3186: cc -c conftest.c -o conftest2.o >&5
configure:3190: $? = 0
configure:3196: cc -c conftest.c -o conftest2.o >&5
configure:3200: $? = 0
configure:3255: result: yes
configure:3269: checking for system library directory
configure:3284: result: lib
configure:3291: checking if compiler supports -R
configure:3310: cc -o conftest -g -O2   conftest.c -R /usr/lib  >&5
gcc-4.7.real: error: unrecognized option '-R'
configure:3310: $? = 1
configure: failed program was:
| /* confdefs.h */
| #define PACKAGE_NAME ""
| #define PACKAGE_TARNAME ""
| #define PACKAGE_VERSION ""
| #define PACKAGE_STRING ""
| #define PACKAGE_BUGREPORT ""
| #define PACKAGE_URL ""
| /* end confdefs.h.  */
| 
| int
| main ()
| {
| 
|   ;
|   return 0;
| }
configure:3320: result: no
configure:3325: checking if compiler supports -Wl,-rpath,
configure:3344: cc -o conftest -g -O2   conftest.c -Wl,-rpath,/usr/lib  >&5
configure:3344: $? = 0
configure:3354: result: yes
configure:3399: checking build system type
configure:3413: result: x86_64-unknown-linux-gnu
configure:3433: checking host system type
configure:3446: result: x86_64-unknown-linux-gnu
configure:3466: checking target system type
configure:3479: result: x86_64-unknown-linux-gnu
configure:3582: checking for PHP prefix
configure:3584: result: /usr
configure:3586: checking for PHP includes
configure:3588: result: -I/usr/include/php5 -I/usr/include/php5/main -I/usr/include/php5/TSRM -I/usr/include/php5/Zend -I/usr/include/php5/ext -I/usr/include/php5/ext/date/lib
configure:3590: checking for PHP extension directory
configure:3592: result: /usr/lib/php5/20100525
configure:3594: checking for PHP installed headers prefix
configure:3596: result: /usr/include/php5
configure:3599: checking if debug is enabled
configure:3625: result: no
configure:3628: checking if zts is enabled
configure:3654: result: no
configure:3725: checking for re2c
configure:3755: result: no
configure:3780: WARNING: You will need re2c 0.13.4 or later if you want to regenerate PHP parsers.
configure:3794: checking for gawk
configure:3811: found /usr/bin/gawk
configure:3822: result: gawk
configure:3867: checking for GD support
configure:3907: result: yes, shared
configure:3916: checking for the location of libvpx
configure:3931: result: /usr
configure:3942: checking for the location of libjpeg
configure:3957: result: /usr
configure:3968: checking for the location of libpng
configure:3983: result: /usr
configure:3994: checking for the location of libz
configure:4009: result: /usr
configure:4019: checking for the location of libXpm
configure:4034: result: no
configure:4043: checking for FreeType 2
configure:4058: result: /usr
configure:4067: checking for T1lib support
configure:4082: result: no
configure:4091: checking whether to enable truetype string function in GD
configure:4105: result: no
configure:4114: checking whether to enable JIS-mapped Japanese font support in GD
configure:4128: result: no
configure:4297: checking for vpx_codec_destroy in -lvpx
configure:4322: cc -o conftest -g -O2   conftest.c -lvpx   >&5
configure:4322: $? = 0
configure:4331: result: yes
configure:4607: checking for jpeg_read_header in -ljpeg
configure:4632: cc -o conftest -g -O2   conftest.c -ljpeg   >&5
configure:4632: $? = 0
configure:4641: result: yes
configure:4911: checking for png_write_image in -lpng
configure:4936: cc -o conftest -g -O2   -lz conftest.c -lpng   >&5
configure:4936: $? = 0
configure:4945: result: yes
configure:5599: result: If configure fails try --with-xpm-dir=<DIR>
configure:5717: checking for FT_New_Face in -lfreetype
configure:5742: cc -o conftest -g -O2   conftest.c -lfreetype   >&5
configure:5742: $? = 0
configure:5751: result: yes
configure:6477: checking for vpx_codec_destroy in -lvpx
configure:6511: result: yes
configure:6787: checking for jpeg_read_header in -ljpeg
configure:6821: result: yes
configure:7091: checking for png_write_image in -lpng
configure:7125: result: yes
configure:7779: result: If configure fails try --with-xpm-dir=<DIR>
configure:7897: checking for FT_New_Face in -lfreetype
configure:7931: result: yes
configure:8536: checking for gdSetErrorMethod in -lgd
configure:8561: cc -o conftest -g -O2   conftest.c -lgd   >&5
configure:8561: $? = 0
configure:8570: result: yes
configure:8791: checking for gdImageCreateFromPng in -lgd
configure:8816: cc -o conftest -g -O2   -lgd -lfreetype -lpng -lz -ljpeg -lvpx -lfreetype -lpng -lz -ljpeg -lvpx conftest.c -lgd   >&5
configure:8816: $? = 0
configure:8825: result: yes
configure:8941: checking for gdImageCreateFromWebp in -lgd
configure:8966: cc -o conftest -g -O2   -lgd -lfreetype -lpng -lz -ljpeg -lvpx -lfreetype -lpng -lz -ljpeg -lvpx conftest.c -lgd   >&5
configure:8966: $? = 0
configure:8975: result: yes
configure:9091: checking for gdImageCreateFromJpeg in -lgd
configure:9116: cc -o conftest -g -O2   -lgd -lfreetype -lpng -lz -ljpeg -lvpx -lfreetype -lpng -lz -ljpeg -lvpx conftest.c -lgd   >&5
configure:9116: $? = 0
configure:9125: result: yes
configure:9241: checking for gdImageCreateFromXpm in -lgd
configure:9266: cc -o conftest -g -O2   -lgd -lfreetype -lpng -lz -ljpeg -lvpx -lfreetype -lpng -lz -ljpeg -lvpx conftest.c -lgd   >&5
configure:9266: $? = 0
configure:9275: result: yes
configure:9391: checking for gdImageStringFT in -lgd
configure:9416: cc -o conftest -g -O2   -lgd -lfreetype -lpng -lz -ljpeg -lvpx -lfreetype -lpng -lz -ljpeg -lvpx conftest.c -lgd   >&5
configure:9416: $? = 0
configure:9425: result: yes
configure:9932: checking for gdImageCreate in -lgd
configure:9957: cc -o conftest -g -O2   -lgd -lfreetype -lpng -lz -ljpeg -lvpx -lfreetype -lpng -lz -ljpeg -lvpx conftest.c -lgd   >&5
configure:9957: $? = 0
configure:9966: result: yes
configure:10069: checking how to print strings
configure:10096: result: printf
configure:10117: checking for a sed that does not truncate output
configure:10181: result: /bin/sed
configure:10199: checking for fgrep
configure:10261: result: /bin/grep -F
configure:10296: checking for ld used by cc
configure:10363: result: /usr/bin/ld
configure:10370: checking if the linker (/usr/bin/ld) is GNU ld
configure:10385: result: yes
configure:10397: checking for BSD- or MS-compatible name lister (nm)
configure:10446: result: /usr/bin/nm -B
configure:10576: checking the name lister (/usr/bin/nm -B) interface
configure:10583: cc -c -g -O2  conftest.c >&5
configure:10586: /usr/bin/nm -B "conftest.o"
configure:10589: output
0000000000000000 B some_variable
configure:10596: result: BSD nm
configure:10599: checking whether ln -s works
configure:10603: result: yes
configure:10611: checking the maximum length of command line arguments
configure:10741: result: 1572864
configure:10758: checking whether the shell understands some XSI constructs
configure:10768: result: yes
configure:10772: checking whether the shell understands "+="
configure:10778: result: yes
configure:10813: checking how to convert x86_64-unknown-linux-gnu file names to x86_64-unknown-linux-gnu format
configure:10853: result: func_convert_file_noop
configure:10860: checking how to convert x86_64-unknown-linux-gnu file names to toolchain format
configure:10880: result: func_convert_file_noop
configure:10887: checking for /usr/bin/ld option to reload object files
configure:10894: result: -r
configure:10968: checking for objdump
configure:10984: found /usr/bin/objdump
configure:10995: result: objdump
configure:11027: checking how to recognize dependent libraries
configure:11225: result: pass_all
configure:11310: checking for dlltool
configure:11340: result: no
configure:11370: checking how to associate runtime and link libraries
configure:11397: result: printf %s\n
configure:11457: checking for ar
configure:11473: found /usr/bin/ar
configure:11484: result: ar
configure:11521: checking for archiver @FILE support
configure:11538: cc -c -g -O2  conftest.c >&5
configure:11538: $? = 0
configure:11541: ar cru libconftest.a @conftest.lst >&5
configure:11544: $? = 0
configure:11549: ar cru libconftest.a @conftest.lst >&5
ar: conftest.o: No such file or directory
configure:11552: $? = 1
configure:11564: result: @
configure:11622: checking for strip
configure:11638: found /usr/bin/strip
configure:11649: result: strip
configure:11721: checking for ranlib
configure:11737: found /usr/bin/ranlib
configure:11748: result: ranlib
configure:11825: checking for gawk
configure:11852: result: gawk
configure:11892: checking command to parse /usr/bin/nm -B output from cc object
configure:12012: cc -c -g -O2  conftest.c >&5
configure:12015: $? = 0
configure:12019: /usr/bin/nm -B conftest.o \| sed -n -e 's/^.*[ ]\([ABCDGIRSTW][ABCDGIRSTW]*\)[ ][ ]*\([_A-Za-z][_A-Za-z0-9]*\)$/\1 \2 \2/p' | sed '/ __gnu_lto/d' \> conftest.nm
configure:12022: $? = 0
configure:12088: cc -o conftest -g -O2   conftest.c conftstm.o >&5
configure:12091: $? = 0
configure:12129: result: ok
configure:12166: checking for sysroot
configure:12196: result: no
configure:12273: cc -c -g -O2  conftest.c >&5
configure:12276: $? = 0
configure:12452: checking for mt
configure:12468: found /bin/mt
configure:12479: result: mt
configure:12502: checking if mt is a manifest tool
configure:12508: mt '-?'
configure:12516: result: no
configure:13153: checking for ANSI C header files
configure:13173: cc -c -g -O2  conftest.c >&5
configure:13173: $? = 0
configure:13246: cc -o conftest -g -O2   conftest.c  >&5
configure:13246: $? = 0
configure:13246: ./conftest
configure:13246: $? = 0
configure:13257: result: yes
configure:13270: checking for sys/types.h
configure:13270: cc -c -g -O2  conftest.c >&5
configure:13270: $? = 0
configure:13270: result: yes
configure:13270: checking for sys/stat.h
configure:13270: cc -c -g -O2  conftest.c >&5
configure:13270: $? = 0
configure:13270: result: yes
configure:13270: checking for stdlib.h
configure:13270: cc -c -g -O2  conftest.c >&5
configure:13270: $? = 0
configure:13270: result: yes
configure:13270: checking for string.h
configure:13270: cc -c -g -O2  conftest.c >&5
configure:13270: $? = 0
configure:13270: result: yes
configure:13270: checking for memory.h
configure:13270: cc -c -g -O2  conftest.c >&5
configure:13270: $? = 0
configure:13270: result: yes
configure:13270: checking for strings.h
configure:13270: cc -c -g -O2  conftest.c >&5
configure:13270: $? = 0
configure:13270: result: yes
configure:13270: checking for inttypes.h
configure:13270: cc -c -g -O2  conftest.c >&5
configure:13270: $? = 0
configure:13270: result: yes
configure:13270: checking for stdint.h
configure:13270: cc -c -g -O2  conftest.c >&5
configure:13270: $? = 0
configure:13270: result: yes
configure:13270: checking for unistd.h
configure:13270: cc -c -g -O2  conftest.c >&5
configure:13270: $? = 0
configure:13270: result: yes
configure:13284: checking for dlfcn.h
configure:13284: cc -c -g -O2  conftest.c >&5
configure:13284: $? = 0
configure:13284: result: yes
configure:13490: checking for objdir
configure:13505: result: .libs
configure:13776: checking if cc supports -fno-rtti -fno-exceptions
configure:13794: cc -c -g -O2  -fno-rtti -fno-exceptions conftest.c >&5
cc1: warning: command line option '-fno-rtti' is valid for C++/ObjC++ but not for C [enabled by default]
cc1: warning: command line option '-fno-rtti' is valid for C++/ObjC++ but not for C [enabled by default]
configure:13798: $? = 0
configure:13811: result: no
configure:14138: checking for cc option to produce PIC
configure:14145: result: -fPIC -DPIC
configure:14153: checking if cc PIC flag -fPIC -DPIC works
configure:14171: cc -c -g -O2  -fPIC -DPIC -DPIC conftest.c >&5
configure:14175: $? = 0
configure:14188: result: yes
configure:14217: checking if cc static flag -static works
configure:14245: result: yes
configure:14260: checking if cc supports -c -o file.o
configure:14281: cc -c -g -O2  -o out/conftest2.o conftest.c >&5
configure:14285: $? = 0
configure:14307: result: yes
configure:14315: checking if cc supports -c -o file.o
configure:14362: result: yes
configure:14395: checking whether the cc linker (/usr/bin/ld -m elf_x86_64) supports shared libraries
configure:15552: result: yes
configure:15589: checking whether -lc should be explicitly linked in
configure:15597: cc -c -g -O2  conftest.c >&5
configure:15600: $? = 0
configure:15615: cc -shared  -fPIC -DPIC conftest.o  -v -Wl,-soname -Wl,conftest -o conftest 2\>\&1 \| /bin/grep  -lc  \>/dev/null 2\>\&1
configure:15618: $? = 0
configure:15632: result: no
configure:15792: checking dynamic linker characteristics
configure:16292: cc -o conftest -g -O2   -Wl,-rpath -Wl,/foo conftest.c  >&5
configure:16292: $? = 0
configure:16526: result: GNU/Linux ld.so
configure:16633: checking how to hardcode library paths into programs
configure:16658: result: immediate
configure:17198: checking whether stripping libraries is possible
configure:17203: result: yes
configure:17238: checking if libtool supports shared libraries
configure:17240: result: yes
configure:17243: checking whether to build shared libraries
configure:17264: result: yes
configure:17267: checking whether to build static libraries
configure:17271: result: no
configure:17547: creating ./config.status

## ---------------------- ##
## Running config.status. ##
## ---------------------- ##

This file was extended by config.status, which was
generated by GNU Autoconf 2.69.  Invocation command line was

  CONFIG_FILES    = 
  CONFIG_HEADERS  = 
  CONFIG_LINKS    = 
  CONFIG_COMMANDS = 
  $ ./config.status 

on howl

config.status:898: creating config.h
config.status:988: config.h is unchanged
config.status:1002: executing libtool commands

## ---------------- ##
## Cache variables. ##
## ---------------- ##

ac_cv_build=x86_64-unknown-linux-gnu
ac_cv_c_compiler_gnu=yes
ac_cv_env_CC_set=
ac_cv_env_CC_value=
ac_cv_env_CFLAGS_set=
ac_cv_env_CFLAGS_value=
ac_cv_env_CPPFLAGS_set=
ac_cv_env_CPPFLAGS_value=
ac_cv_env_CPP_set=
ac_cv_env_CPP_value=
ac_cv_env_LDFLAGS_set=
ac_cv_env_LDFLAGS_value=
ac_cv_env_LIBS_set=
ac_cv_env_LIBS_value=
ac_cv_env_build_alias_set=
ac_cv_env_build_alias_value=
ac_cv_env_host_alias_set=
ac_cv_env_host_alias_value=
ac_cv_env_target_alias_set=
ac_cv_env_target_alias_value=
ac_cv_header_dlfcn_h=yes
ac_cv_header_inttypes_h=yes
ac_cv_header_memory_h=yes
ac_cv_header_stdc=yes
ac_cv_header_stdint_h=yes
ac_cv_header_stdlib_h=yes
ac_cv_header_string_h=yes
ac_cv_header_strings_h=yes
ac_cv_header_sys_stat_h=yes
ac_cv_header_sys_types_h=yes
ac_cv_header_unistd_h=yes
ac_cv_host=x86_64-unknown-linux-gnu
ac_cv_lib_freetype_FT_New_Face=yes
ac_cv_lib_gd_gdImageCreate=yes
ac_cv_lib_gd_gdImageCreateFromJpeg=yes
ac_cv_lib_gd_gdImageCreateFromPng=yes
ac_cv_lib_gd_gdImageCreateFromWebp=yes
ac_cv_lib_gd_gdImageCreateFromXpm=yes
ac_cv_lib_gd_gdImageStringFT=yes
ac_cv_lib_gd_gdSetErrorMethod=yes
ac_cv_lib_jpeg_jpeg_read_header=yes
ac_cv_lib_png_png_write_image=yes
ac_cv_lib_vpx_vpx_codec_destroy=yes
ac_cv_objext=o
ac_cv_path_EGREP='/bin/grep -E'
ac_cv_path_FGREP='/bin/grep -F'
ac_cv_path_GREP=/bin/grep
ac_cv_path_SED=/bin/sed
ac_cv_prog_AWK=gawk
ac_cv_prog_CPP='cc -E'
ac_cv_prog_ac_ct_AR=ar
ac_cv_prog_ac_ct_CC=cc
ac_cv_prog_ac_ct_MANIFEST_TOOL=mt
ac_cv_prog_ac_ct_OBJDUMP=objdump
ac_cv_prog_ac_ct_RANLIB=ranlib
ac_cv_prog_ac_ct_STRIP=strip
ac_cv_prog_cc_c89=
ac_cv_prog_cc_cc_c_o=yes
ac_cv_prog_cc_g=yes
ac_cv_target=x86_64-unknown-linux-gnu
lt_cv_ar_at_file=@
lt_cv_archive_cmds_need_lc=no
lt_cv_deplibs_check_method=pass_all
lt_cv_file_magic_cmd='$MAGIC_CMD'
lt_cv_file_magic_test_file=
lt_cv_ld_reload_flag=-r
lt_cv_nm_interface='BSD nm'
lt_cv_objdir=.libs
lt_cv_path_LD=/usr/bin/ld
lt_cv_path_NM='/usr/bin/nm -B'
lt_cv_path_mainfest_tool=no
lt_cv_prog_compiler_c_o=yes
lt_cv_prog_compiler_pic='-fPIC -DPIC'
lt_cv_prog_compiler_pic_works=yes
lt_cv_prog_compiler_rtti_exceptions=no
lt_cv_prog_compiler_static_works=yes
lt_cv_prog_gnu_ld=yes
lt_cv_sharedlib_from_linklib_cmd='printf %s\n'
lt_cv_shlibpath_overrides_runpath=no
lt_cv_sys_global_symbol_pipe='sed -n -e '\''s/^.*[	 ]\([ABCDGIRSTW][ABCDGIRSTW]*\)[	 ][	 ]*\([_A-Za-z][_A-Za-z0-9]*\)$/\1 \2 \2/p'\'' | sed '\''/ __gnu_lto/d'\'''
lt_cv_sys_global_symbol_to_c_name_address='sed -n -e '\''s/^: \([^ ]*\)[ ]*$/  {\"\1\", (void *) 0},/p'\'' -e '\''s/^[ABCDGIRSTW]* \([^ ]*\) \([^ ]*\)$/  {"\2", (void *) \&\2},/p'\'''
lt_cv_sys_global_symbol_to_c_name_address_lib_prefix='sed -n -e '\''s/^: \([^ ]*\)[ ]*$/  {\"\1\", (void *) 0},/p'\'' -e '\''s/^[ABCDGIRSTW]* \([^ ]*\) \(lib[^ ]*\)$/  {"\2", (void *) \&\2},/p'\'' -e '\''s/^[ABCDGIRSTW]* \([^ ]*\) \([^ ]*\)$/  {"lib\2", (void *) \&\2},/p'\'''
lt_cv_sys_global_symbol_to_cdecl='sed -n -e '\''s/^T .* \(.*\)$/extern int \1();/p'\'' -e '\''s/^[ABCDGIRSTW]* .* \(.*\)$/extern char \1;/p'\'''
lt_cv_sys_max_cmd_len=1572864
lt_cv_to_host_file_cmd=func_convert_file_noop
lt_cv_to_tool_file_cmd=func_convert_file_noop
php_cv_cc_dashr=no
php_cv_cc_rpath=yes

## ----------------- ##
## Output variables. ##
## ----------------- ##

AR='ar'
AWK='gawk'
CC='cc'
CFLAGS='-g -O2'
CONFIGURE_COMMAND=' '\''./configure'\''  '\''--with-gd=/usr'\'' '\''--with-jpeg-dir=/usr'\'' '\''--with-png-dir=/usr'\'' '\''--with-vpx-dir=/usr'\'' '\''--with-zlib-dir=/usr'\'' '\''--with-freetype-dir=/usr'\'''
CONFIGURE_OPTIONS=' '\''--with-gd=/usr'\'' '\''--with-jpeg-dir=/usr'\'' '\''--with-png-dir=/usr'\'' '\''--with-vpx-dir=/usr'\'' '\''--with-zlib-dir=/usr'\'' '\''--with-freetype-dir=/usr'\'''
CPP='cc -E'
CPPFLAGS=' -DHAVE_CONFIG_H'
DEFS='-DHAVE_CONFIG_H'
DLLTOOL='false'
DSYMUTIL=''
DUMPBIN=''
ECHO_C=''
ECHO_N='-n'
ECHO_T=''
EGREP='/bin/grep -E'
EXEEXT=''
FGREP='/bin/grep -F'
GREP='/bin/grep'
LD='/usr/bin/ld -m elf_x86_64'
LDFLAGS=''
LIBOBJS=''
LIBS=''
LIBTOOL='$(SHELL) $(top_builddir)/libtool'
LIPO=''
LN_S='ln -s'
LTLIBOBJS=''
MANIFEST_TOOL=':'
NM='/usr/bin/nm -B'
NMEDIT=''
OBJDUMP='objdump'
OBJEXT='o'
OTOOL64=''
OTOOL=''
PACKAGE_BUGREPORT=''
PACKAGE_NAME=''
PACKAGE_STRING=''
PACKAGE_TARNAME=''
PACKAGE_URL=''
PACKAGE_VERSION=''
PATH_SEPARATOR=':'
RANLIB='ranlib'
RE2C='exit 0;'
SED='/bin/sed'
SHELL='/bin/bash'
SHLIB_DL_SUFFIX_NAME='so'
SHLIB_SUFFIX_NAME='so'
STRIP='strip'
ac_ct_AR='ar'
ac_ct_CC='cc'
ac_ct_DUMPBIN=''
bindir='${exec_prefix}/bin'
build='x86_64-unknown-linux-gnu'
build_alias=''
build_cpu='x86_64'
build_os='linux-gnu'
build_vendor='unknown'
datadir='${datarootdir}'
datarootdir='${prefix}/share'
docdir='${datarootdir}/doc/${PACKAGE}'
dvidir='${docdir}'
exec_prefix='$(prefix)'
host='x86_64-unknown-linux-gnu'
host_alias='x86_64-unknown-linux-gnu'
host_cpu='x86_64'
host_os='linux-gnu'
host_vendor='unknown'
htmldir='${docdir}'
includedir='${prefix}/include'
infodir='${datarootdir}/info'
libdir='${exec_prefix}/lib'
libexecdir='${exec_prefix}/libexec'
localedir='${datarootdir}/locale'
localstatedir='${prefix}/var'
mandir='${datarootdir}/man'
oldincludedir='/usr/include'
pdfdir='${docdir}'
prefix='/usr'
program_transform_name='s,x,x,'
psdir='${docdir}'
sbindir='${exec_prefix}/sbin'
sharedstatedir='${prefix}/com'
sysconfdir='${prefix}/etc'
target='x86_64-unknown-linux-gnu'
target_alias=''
target_cpu='x86_64'
target_os='linux-gnu'
target_vendor='unknown'

## ----------- ##
## confdefs.h. ##
## ----------- ##

/* confdefs.h */
#define PACKAGE_NAME ""
#define PACKAGE_TARNAME ""
#define PACKAGE_VERSION ""
#define PACKAGE_STRING ""
#define PACKAGE_BUGREPORT ""
#define PACKAGE_URL ""
#define USE_GD_IMGSTRTTF 1
#define HAVE_LIBFREETYPE 1
#define ENABLE_GD_TTF 1
#define USE_GD_IMGSTRTTF 1
#define HAVE_LIBFREETYPE 1
#define ENABLE_GD_TTF 1
#define HAVE_LIBGD 1
#define HAVE_GD_PNG 1
#define HAVE_GD_WEBP 1
#define HAVE_GD_JPG 1
#define HAVE_GD_XPM 1
#define HAVE_GD_FREETYPE 1
#define COMPILE_DL_GD 1
#define STDC_HEADERS 1
#define HAVE_SYS_TYPES_H 1
#define HAVE_SYS_STAT_H 1
#define HAVE_STDLIB_H 1
#define HAVE_STRING_H 1
#define HAVE_MEMORY_H 1
#define HAVE_STRINGS_H 1
#define HAVE_INTTYPES_H 1
#define HAVE_STDINT_H 1
#define HAVE_UNISTD_H 1
#define HAVE_DLFCN_H 1
#define LT_OBJDIR ".libs/"

configure: exit 0
